0 info it worked if it ends with ok
1 verbose cli [ 'C:\\Program Files\\nodejs\\node.exe',
1 verbose cli   'C:\\Program Files\\nodejs\\node_modules\\npm\\bin\\npm-cli.js',
1 verbose cli   'run',
1 verbose cli   'sass' ]
2 info using npm@3.10.8
3 info using node@v7.0.0
4 verbose run-script [ 'presass', 'sass', 'postsass' ]
5 info lifecycle lifegadget@0.0.0~presass: lifegadget@0.0.0
6 silly lifecycle lifegadget@0.0.0~presass: no script for presass, continuing
7 info lifecycle lifegadget@0.0.0~sass: lifegadget@0.0.0
8 verbose lifecycle lifegadget@0.0.0~sass: unsafe-perm in lifecycle true
9 verbose lifecycle lifegadget@0.0.0~sass: PATH: C:\Program Files\nodejs\node_modules\npm\bin\node-gyp-bin;c:\xampp\htdocs\lifegadget\node_modules\.bin;C:\Program Files (x86)\Intel\iCLS Client\;C:\Program Files\Intel\iCLS Client\;C:\windows\system32;C:\windows;C:\windows\System32\Wbem;C:\windows\System32\WindowsPowerShell\v1.0\;C:\Program Files\Intel\Intel(R) Management Engine Components\DAL;C:\Program Files\Intel\Intel(R) Management Engine Components\IPT;C:\Program Files (x86)\Intel\Intel(R) Management Engine Components\DAL;C:\Program Files (x86)\Intel\Intel(R) Management Engine Components\IPT;C:\Program Files (x86)\Toshiba\Bluetooth Toshiba Stack\sys\;C:\Program Files (x86)\Toshiba\Bluetooth Toshiba Stack\sys\x64\;C:\Program Files\Intel\WiFi\bin\;C:\Program Files\Common Files\Intel\WirelessCommon\;C:\Program Files\Git\cmd;C:\Program Files\nodejs\;C:\Program Files (x86)\Yarn\bin;C:\Users\t_maeda\AppData\Local\Programs\Python\Python35\Scripts\;C:\Users\t_maeda\AppData\Local\Programs\Python\Python35\;C:\Ruby23-x64\bin;C:\Users\t_maeda\AppData\Local\atom\bin;C:\Users\t_maeda\AppData\Roaming\npm;C:\Users\t_maeda\AppData\Local\Yarn\.bin
10 verbose lifecycle lifegadget@0.0.0~sass: CWD: c:\xampp\htdocs\lifegadget
11 silly lifecycle lifegadget@0.0.0~sass: Args: [ '/d /s /c',
11 silly lifecycle   'node-sass -w ./src/sass/app.scss ./dist/style.css --output-style compressed' ]
12 silly lifecycle lifegadget@0.0.0~sass: Returned: code: 3221225786  signal: null
13 info lifecycle lifegadget@0.0.0~sass: Failed to exec sass script
14 verbose stack Error: lifegadget@0.0.0 sass: `node-sass -w ./src/sass/app.scss ./dist/style.css --output-style compressed`
14 verbose stack Exit status 3221225786
14 verbose stack     at EventEmitter.<anonymous> (C:\Program Files\nodejs\node_modules\npm\lib\utils\lifecycle.js:255:16)
14 verbose stack     at emitTwo (events.js:106:13)
14 verbose stack     at EventEmitter.emit (events.js:191:7)
14 verbose stack     at ChildProcess.<anonymous> (C:\Program Files\nodejs\node_modules\npm\lib\utils\spawn.js:40:14)
14 verbose stack     at emitTwo (events.js:106:13)
14 verbose stack     at ChildProcess.emit (events.js:191:7)
14 verbose stack     at maybeClose (internal/child_process.js:877:16)
14 verbose stack     at Process.ChildProcess._handle.onexit (internal/child_process.js:226:5)
15 verbose pkgid lifegadget@0.0.0
16 verbose cwd c:\xampp\htdocs\lifegadget
17 error Windows_NT 6.1.7601
18 error argv "C:\\Program Files\\nodejs\\node.exe" "C:\\Program Files\\nodejs\\node_modules\\npm\\bin\\npm-cli.js" "run" "sass"
19 error node v7.0.0
20 error npm  v3.10.8
21 error code ELIFECYCLE
22 error lifegadget@0.0.0 sass: `node-sass -w ./src/sass/app.scss ./dist/style.css --output-style compressed`
22 error Exit status 3221225786
23 error Failed at the lifegadget@0.0.0 sass script 'node-sass -w ./src/sass/app.scss ./dist/style.css --output-style compressed'.
23 error Make sure you have the latest version of node.js and npm installed.
23 error If you do, this is most likely a problem with the lifegadget package,
23 error not with npm itself.
23 error Tell the author that this fails on your system:
23 error     node-sass -w ./src/sass/app.scss ./dist/style.css --output-style compressed
23 error You can get information on how to open an issue for this project with:
23 error     npm bugs lifegadget
23 error Or if that isn't available, you can get their info via:
23 error     npm owner ls lifegadget
23 error There is likely additional logging output above.
24 verbose exit [ 1, true ]
